500 1 0.543 5.8305 6.0094 31.5823 68.8452
500 2 0.545 5.451 5.4331 41.3291 61.7637
500 3 0.545 5.3488 5.4256 46.2658 58.4016
500 4 0.545 5.3573 5.2175 45.0633 57.5698
500 5 0.545 5.5453 5.4672 44.8101 57.2642
500 1 0.545 5.5594 5.5656 32.5316 68.6865
500 2 0.545 5.2252 5.0941 40.5696 61.6907
500 3 0.545 5.4664 5.2952 43.8608 58.7022
500 4 0.545 5.5409 5.5708 46.7722 57.0915
500 5 0.545 5.4584 5.2933 44.1772 58.1149
500 1 0.545 5.5133 5.389 32.9747 67.9838
500 2 0.545 5.4084 5.376 40.0633 62.2655
500 3 0.545 5.4045 5.312 43.1013 59.1757
500 4 0.545 5.4688 5.3984 45.9494 57.8323
500 5 0.545 5.4209 5.4152 43.2278 58.0727
500 1 0.545 5.5062 5.3748 32.7848 68.2342
500 2 0.545 5.3907 5.2704 41.5823 60.8001
500 3 0.545 5.5617 5.5561 45.443 58.0594
500 4 0.543 5.8668 6.096 49.2405 56.9774
500 5 0.545 5.3588 5.2206 44.4937 57.8775
500 1 0.545 5.6279 5.6604 31.7722 69.1064
500 2 0.545 5.5566 5.4757 40.6962 60.84
500 3 0.545 5.4583 5.4338 45.1266 58.4854
500 4 0.545 5.5081 5.5613 45.3165 57.1821
500 5 0.545 5.2945 5.1904 43.7975 58.5178
