500 1 0.112 5.6245 5.766 22.2152 74.1531
500 2 0.112 5.6744 5.9924 34.4937 66.122
500 3 0.112 5.645 5.8774 35.5696 65.4849
500 4 0.112 5.4907 5.4984 44.557 59.1468
500 5 0.112 5.6079 5.6766 44.6203 59.355
500 1 0.112 5.6091 5.6228 25.3797 73.0721
500 2 0.112 5.4406 5.6373 32.8481 67.4577
500 3 0.112 5.5676 5.5117 35.6329 64.804
500 4 0.112 5.6498 5.6058 42.4684 59.6225
500 5 0.112 5.512 5.6536 43.9241 60.0138
500 1 0.112 5.6804 5.653 24.4304 73.009
500 2 0.112 5.7002 5.8752 32.4051 67.7672
500 3 0.112 5.5266 5.6968 37.1519 62.9768
500 4 0.112 5.634 5.8836 43.6709 60.1126
500 5 0.112 5.5285 5.7287 43.6076 59.3165
500 1 0.112 5.5536 5.779 23.9241 74.1457
500 2 0.112 5.5512 5.5492 34.6203 65.7458
500 3 0.112 5.5628 5.6989 37.4684 63.9781
500 4 0.112 5.6227 5.5796 39.1772 62.3456
500 5 0.112 5.5495 5.7989 43.2278 59.9817
500 1 0.112 5.642 5.7731 26.7089 71.6572
500 2 0.112 5.7252 5.7706 32.7848 66.3616
500 3 0.112 5.6254 5.7398 37.9114 63.3577
500 4 0.112 5.6524 5.6251 42.7848 59.5587
500 5 0.112 5.5442 5.6757 42.8481 60.1841
