500 1 0.557 5.3594 5.25 32.9747 68.2596
500 2 0.557 5.2757 5.2513 42.5949 62.8134
500 3 0.557 5.3467 5.2387 46.3291 60.7423
500 4 0.557 5.2772 5.1839 56.1392 58.316
500 5 0.557 5.2836 5.225 56.2658 57.3405
500 1 0.557 5.2942 5.2462 31.2025 68.4728
500 2 0.557 5.3326 5.2666 43.9873 62.3232
500 3 0.557 5.2691 5.1958 47.3418 61.0524
500 4 0.557 5.3118 5.2531 54.4304 57.7622
500 5 0.557 5.3229 5.3174 56.8354 58.0438
500 1 0.557 5.3387 5.2225 33.1646 68.5345
500 2 0.557 5.324 5.2636 41.8987 61.8046
500 3 0.557 5.3746 5.2945 47.0253 60.4921
500 4 0.557 5.3182 5.2518 54.6203 58.2986
500 5 0.557 5.3779 5.3432 58.1013 57.1152
500 1 0.557 5.3409 5.227 34.9367 68.6956
500 2 0.557 5.2917 5.213 41.519 63.1886
500 3 0.557 5.3078 5.3013 46.2025 61.1945
500 4 0.557 5.2738 5.2333 52.5949 58.3972
500 5 0.557 5.2796 5.1887 55.8228 58.2287
500 1 0.557 5.3347 5.2005 32.5316 69.0724
500 2 0.557 5.3423 5.272 43.481 63.0233
500 3 0.557 5.2514 5.2027 46.6456 60.0204
500 4 0.557 5.3358 5.2027 55.443 57.6465
500 5 0.557 5.3016 5.2608 55.8228 58.0992
