500 1 0.112 5.6167 5.7083 9.0506 89.4725
500 2 0.112 5.5775 5.6159 10 88.1911
500 3 0.112 5.656 5.7166 12.7848 81.1717
500 4 0.112 5.5942 5.6634 17.2152 79.0694
500 5 0.112 5.5758 5.6827 16.1392 78.2959
500 1 0.112 5.6492 5.6749 8.6709 91.3879
500 2 0.112 5.5511 5.7459 10 89.0173
500 3 0.112 5.5391 5.6093 11.6456 84.1433
500 4 0.112 5.5524 5.664 18.1013 79.781
500 5 0.112 5.6274 5.6595 16.3924 78.1877
500 1 0.112 5.6329 5.7548 9.6835 89.9627
500 2 0.112 5.5106 5.5945 8.9873 89.0726
500 3 0.112 5.5989 5.7992 11.8987 84.175
500 4 0.112 5.6091 5.5245 15.1266 79.4317
500 5 0.112 5.5743 5.5672 18.2278 77.5125
500 1 0.112 5.5781 5.7155 6.8354 91.9821
500 2 0.112 5.6145 5.6617 11.2025 88.3172
500 3 0.112 5.5925 5.6178 12.5316 81.9627
500 4 0.112 5.6261 5.7412 17.0886 79.845
500 5 0.112 5.6716 5.818 17.2152 78.2744
500 1 0.112 5.6336 5.8546 8.481 88.8561
500 2 0.112 5.5367 5.5061 8.9241 89.6904
500 3 0.112 5.6137 5.7304 14.8101 81.2023
500 4 0.112 5.5913 5.6574 19.4304 77.4781
500 5 0.112 5.6704 5.858 17.7215 77.7415
500 1 0.112 5.6883 5.8374 1.7722 87.3791
