500 1 0.112 5.734 5.8305 41.5823 57.3606
500 2 0.112 5.5417 5.5725 47.5316 52.8883
500 3 0.112 5.5598 5.6087 49.8101 49.7325
500 4 0.112 5.551 5.5347 56.4557 46.9541
500 5 0.112 5.5987 5.7847 60.1899 45.0358
500 1 0.112 5.7244 5.8394 46.7722 56.9794
500 2 0.112 5.6808 5.9349 49.9367 53.386
500 3 0.112 5.6635 5.6473 48.6709 50.6774
500 4 0.112 5.6029 5.6807 56.3291 46.4171
500 5 0.112 5.5237 5.5646 59.6835 45.3304
500 1 0.112 5.598 5.7271 44.557 57.0421
500 2 0.112 5.6606 5.796 48.7342 51.7728
500 3 0.112 5.5153 5.6461 48.5443 50.5448
500 4 0.112 5.5612 5.6395 56.7722 46.8767
500 5 0.112 5.6074 5.5351 61.8354 43.472
500 1 0.112 5.6373 5.7215 43.7975 57.3081
500 2 0.112 5.5436 5.4917 49.9367 51.1264
500 3 0.112 5.7348 5.7899 49.2405 50.5973
500 4 0.112 5.5803 5.6776 55.7595 47.3893
500 5 0.112 5.6194 5.5592 59.8734 45.742
500 1 0.112 5.5313 5.5516 42.6582 57.4625
500 2 0.112 5.5455 5.7205 48.9241 51.7805
500 3 0.112 5.6484 5.6873 50.5696 50.6297
500 4 0.112 5.513 5.6977 56.8987 47.5701
500 5 0.112 5.5843 5.6154 59.3671 45.3021
