500 1 0.557 5.3331 5.2537 8.7342 83.4267
500 2 0.557 5.2664 5.1202 10.443 83.3665
500 3 0.557 5.2724 5.1744 16.4557 74.2751
500 4 0.557 5.4288 5.2763 24.3038 70.8901
500 5 0.557 5.2768 5.1973 23.5443 68.8946
500 1 0.557 5.2864 5.1743 8.9241 83.439
500 2 0.557 5.3832 5.2133 10.0633 83.0508
500 3 0.557 5.3377 5.2487 15.6962 73.583
500 4 0.557 5.3292 5.2037 22.8481 71.1288
500 5 0.557 5.3034 5.2363 24.3671 68.2066
500 1 0.557 5.4051 5.3414 8.1013 82.4943
500 2 0.557 5.3188 5.225 11.2025 83.8919
500 3 0.557 5.2934 5.2164 16.7089 73.7738
500 4 0.557 5.3051 5.2257 23.481 71.2896
500 5 0.557 5.313 5.1852 23.4177 68.6135
500 1 0.557 5.3039 5.2936 7.7848 83.9202
500 2 0.557 5.2861 5.2158 13.2911 82.6075
500 3 0.557 5.3199 5.2132 17.0886 73.5667
500 4 0.557 5.3405 5.184 22.5949 71.3227
500 5 0.557 5.2899 5.1953 22.8481 67.9595
500 1 0.557 5.3229 5.2754 8.4177 84.1125
500 2 0.557 5.3244 5.1659 10.6962 83.1985
500 3 0.557 5.353 5.2792 14.0506 74.2572
500 4 0.557 5.3181 5.322 24.9367 70.7404
500 5 0.557 5.2241 5.2043 23.038 67.807
500 1 0.557 5.3611 5.3096 0.31646 80.6114
