500 1 0.545 5.2596 5.3455 21.8987 79.2239
500 2 0.545 5.5145 5.4054 25.9494 75.8173
500 3 0.545 5.5157 5.5063 28.481 73.2699
500 4 0.545 5.4639 5.4308 30.5063 70.1881
500 5 0.545 5.2805 5.2186 33.2278 71.0544
500 1 0.545 5.5265 5.4294 19.3038 79.4301
500 2 0.545 5.3894 5.2537 26.2025 75.3769
500 3 0.545 5.4777 5.4726 27.7848 73.7834
500 4 0.545 5.5749 5.4279 27.8481 72.5137
500 5 0.545 5.421 5.3029 30.0633 71.8635
500 1 0.545 5.4 5.3452 19.8101 79.4976
500 2 0.545 5.5091 5.5634 26.3291 74.2219
500 3 0.545 5.4881 5.4932 29.3671 72.2043
500 4 0.545 5.5612 5.6395 33.1646 68.7709
500 5 0.545 5.5647 5.4778 31.6456 70.0222
500 1 0.545 5.4711 5.4453 21.519 78.577
500 2 0.545 5.5197 5.5424 27.7215 73.0235
500 3 0.545 5.5251 5.4267 27.8481 72.7768
500 4 0.545 5.4893 5.4817 31.962 69.7184
500 5 0.545 5.5782 5.4768 32.2785 70.3946
500 1 0.545 5.4606 5.4382 19.3038 80.6641
500 2 0.545 5.384 5.2991 27.2152 73.597
500 3 0.545 5.4585 5.2373 25.2532 73.4683
500 4 0.545 5.6123 5.587 31.2025 69.5928
500 5 0.545 5.5669 5.5947 32.0253 70.2697
