500 1 0.545 5.4017 5.3346 23.1013 58.11
500 2 0.545 5.4337 5.4127 25.1266 56.4963
500 3 0.545 5.3533 5.3782 31.6456 52.3122
500 4 0.545 5.5183 5.5538 34.6203 49.2432
500 5 0.545 5.372 5.4438 38.6709 47.7483
500 1 0.545 5.5088 5.2816 21.1392 61.2996
500 2 0.545 5.497 5.5112 24.6203 56.1337
500 3 0.545 5.4034 5.2958 30.2532 52.2577
500 4 0.545 5.407 5.2749 33.2278 51.1816
500 5 0.545 5.5276 5.6145 28.6076 53.0899
500 1 0.545 5.5236 5.4237 25.0633 59.275
500 2 0.545 5.4963 5.5238 25.8228 55.223
500 3 0.545 5.5731 5.5368 30.6329 52.2255
500 4 0.545 5.466 5.3506 31.2025 51.2532
500 5 0.545 5.4755 5.44 27.4684 53.3253
500 1 0.545 5.5961 5.6109 24.4937 57.9974
500 2 0.545 5.5793 5.493 24.3038 59.4706
500 3 0.545 5.5082 5.5757 29.8101 54.9616
500 4 0.545 5.4697 5.3581 35.2532 48.2933
500 5 0.545 5.5019 5.3099 27.9114 51.4606
500 1 0.545 5.5813 5.539 22.5316 60.9622
500 2 0.545 5.4494 5.3738 25.0633 60.065
500 3 0.545 5.4465 5.3539 29.1772 52.0869
500 4 0.545 5.5397 5.5262 29.2405 51.9982
500 5 0.545 5.3461 5.1811 31.3924 49.463
500 1 0.545 5.3755 5.2681 24.1139 58.5457
500 2 0.545 5.4496 5.3881 23.9873 59.8933
