500 1 0.557 5.3241 5.2215 84.6203 19.4746
500 2 0.557 5.3345 5.3407 91.8354 14.116
500 3 0.557 5.3375 5.3045 93.6709 11.1698
500 4 0.557 5.3495 5.188 94.9367 9.772
500 5 0.557 5.2799 5.2315 94.4937 10.6475
500 1 0.557 5.2972 5.2098 82.7848 19.7617
500 2 0.557 5.2925 5.2567 90.3797 15.0725
500 3 0.557 5.272 5.1875 94.4937 11.0911
500 4 0.557 5.2618 5.1391 95.3797 9.7216
500 5 0.557 5.287 5.2878 94.3038 10.2064
500 1 0.557 5.2724 5.2025 83.9873 20.0304
500 2 0.557 5.3304 5.2762 91.7722 14.4288
500 3 0.557 5.222 5.172 93.6709 11.2553
500 4 0.557 5.407 5.303 94.4937 10.3723
500 5 0.557 5.2949 5.2615 93.481 11.1933
500 1 0.557 5.3446 5.1923 84.9367 19.6179
500 2 0.557 5.2094 5.1326 91.519 14.7526
500 3 0.557 5.2526 5.191 93.4177 11.4557
500 4 0.557 5.3229 5.2472 94.9367 10.0545
500 5 0.557 5.3136 5.2708 94.2405 10.579
500 1 0.557 5.3353 5.258 83.9241 20.2356
500 2 0.557 5.2584 5.2448 91.0759 14.8485
500 3 0.557 5.3345 5.2424 93.5443 11.2619
500 4 0.557 5.263 5.1838 94.2405 10.0663
500 5 0.557 5.2869 5.2456 94.557 10.1726
