16 0.563 20.192 23.8927 28.038 94.6333
32 0.59475 12.4884 12.2501 13.4177 98.5694
64 0.59413 7.8537 6.8504 9.4937 89.1613
100 0.581 6.6162 7.2294 15.3797 79.3225
200 0.571 5.6255 5.5995 29.3038 54.315
300 0.564 5.3618 5.1564 50.9494 39.0618
400 0.5585 5.4706 5.641 72.2785 28.837
500 0.557 5.3265 5.2123 86.2025 19.595
16 0.563 20.2339 23.8886 29.9557 91.7645
32 0.5945 12.9966 12.4873 14.6835 94.0665
64 0.5945 7.8138 7.1501 13.9873 84.8855
100 0.581 6.727 7.2118 13.9873 79.7188
200 0.571 5.5581 5.4505 28.3544 53.8361
300 0.564 5.3824 5.1694 51.1392 38.8832
400 0.5585 5.4732 5.6321 73.2278 27.6259
500 0.557 5.2429 5.1575 84.3038 19.3363
16 0.563 19.9747 24.2131 27.0886 96.6205
32 0.59475 12.5859 12.8336 12.7215 94.855
64 0.5945 7.7908 7.2588 9.9367 87.7734
100 0.581 6.6707 7.1274 14.9367 76.4828
200 0.571 5.3825 5.2962 27.9114 53.6857
300 0.56433 5.2741 5.1215 51.0759 38.0333
400 0.5585 5.4855 5.6286 72.8481 28.316
500 0.557 5.2435 5.2149 84.9367 19.3475
16 0.563 19.9998 24.416 29.1139 94.0302
32 0.594 12.659 12.3222 16.7089 89.5485
64 0.5945 7.8965 6.9782 11.4557 87.3966
100 0.581 6.7454 7.1784 14.4937 80.5078
200 0.571 5.4599 5.451 28.038 55.3555
300 0.564 5.2669 5.1493 51.7089 39.599
400 0.558 5.3754 5.4085 71.6456 28.2786
500 0.557 5.3436 5.2887 86.8987 18.4707
16 0.563 19.3529 24.1847 27.2152 95.1866
32 0.59475 13.0615 12.4821 13.5443 93.8548
64 0.5945 7.6447 7.3041 11.8987 84.5058
100 0.591 6.0365 5.3107 12.8481 77.6289
200 0.571 5.4021 5.3353 30.3165 52.4662
300 0.56367 5.4069 5.2887 53.2278 37.0024
400 0.558 5.5703 5.5593 71.0127 28.8371
500 0.557 5.3164 5.2342 85.3797 19.3706
