16 0.563 20.0023 24.2494 26.7891 95.6514
32 0.5945 12.509 12.5197 13.2911 94.5724
64 0.59413 7.9532 7.0774 6.7089 96.5995
100 0.581 6.8506 7.3607 5.6329 93.5108
200 0.571 5.4161 5.518 4.6203 89.155
300 0.56433 5.5091 5.5212 8.6709 77.6979
400 0.558 5.4981 5.5273 14.8734 64.6547
500 0.557 5.2951 5.1636 22.9114 52.1411
16 0.563 19.009 23.5215 28.9873 91.1716
32 0.5945 12.6793 12.2239 16.6456 90.2388
64 0.5945 7.7405 6.8771 6.0127 97.2991
100 0.581 6.7617 7.2953 6.2025 94.0993
200 0.571 5.5668 5.4398 5.9494 83.7406
300 0.564 5.3584 5.3324 8.7342 77.1733
400 0.558 5.467 5.5636 15.6962 62.0465
500 0.557 5.3133 5.2141 25.0633 52.6405
16 0.563 20.4238 23.405 25.8861 95.8438
32 0.59475 12.1784 12.2084 16.7089 93.3366
64 0.59413 7.9089 7.4106 8.1646 96.702
100 0.581 6.7739 7.4323 6.3924 95.2601
200 0.571 5.6089 5.4818 5.5063 87.6174
300 0.56433 5.3106 5.1242 7.7215 73.6776
400 0.5575 5.495 5.5774 14.9367 62.4777
500 0.557 5.3413 5.2419 22.7848 51.9736
16 0.563 19.5617 24.1412 26.0127 96.8805
32 0.59475 12.8156 12.7955 13.6709 98.0678
64 0.5945 7.8168 7.2124 8.1646 94.8103
100 0.581 6.8848 7.2604 6.519 94.3798
200 0.571 5.4142 5.2048 5.7595 87.6937
300 0.56367 5.3915 5.1596 7.5949 76.3199
400 0.558 5.5166 5.5925 13.4177 64.2186
500 0.557 5.3426 5.2726 24.0506 53.6947
16 0.563 19.6127 24.4126 30.1266 93.4553
32 0.59475 12.5047 13.2266 14.4304 96.2647
64 0.59475 7.9329 7.1776 5.5063 97.0868
100 0.581 6.7318 7.0248 7.1519 95.1345
200 0.571 5.4315 5.3661 6.8354 86.5047
300 0.564 5.2113 5.0663 9.7468 75.9113
400 0.5585 5.4816 5.635 14.3038 62.6598
500 0.557 5.3136 5.2287 23.2278 53.0838
