500 1 0.557 5.3697 5.2845 80.2532 22.5777
500 2 0.557 5.2888 5.2494 91.1392 13.4622
500 3 0.557 5.2946 5.1767 94.3038 11.2275
500 4 0.557 5.2817 5.1929 95.9494 8.8148
500 5 0.557 5.3225 5.1622 94.3671 9.7387
500 1 0.557 5.3613 5.2537 85.5696 19.6381
500 2 0.557 5.3993 5.3157 90.7595 14.7659
500 3 0.557 5.309 5.2475 94.1139 11.9453
500 4 0.557 5.3495 5.2583 94.4937 10.3773
500 5 0.557 5.2535 5.1366 95.8228 9.5414
500 1 0.557 5.3496 5.3006 83.5443 20.4337
500 2 0.557 5.3605 5.224 91.962 13.5971
500 3 0.557 5.2721 5.1737 93.8608 10.7413
500 4 0.557 5.3097 5.2349 96.0127 9.0149
500 5 0.557 5.355 5.213 95.7595 9.269
500 1 0.557 5.2674 5.1925 84.1139 20.6387
500 2 0.557 5.2623 5.2384 91.519 14.5146
500 3 0.557 5.361 5.3095 94.9367 10.8706
500 4 0.557 5.354 5.2533 95.5063 9.6106
500 5 0.557 5.3505 5.218 94.557 10.112
500 1 0.557 5.3257 5.2106 83.1646 20.565
500 2 0.557 5.3698 5.3691 91.8354 14.0778
500 3 0.557 5.3104 5.2362 93.6076 12.0765
500 4 0.557 5.284 5.1694 95.3797 9.6975
500 5 0.557 5.4043 5.3116 94.3671 10.7238
