0.1 4 36.0116 0.69657
0.1 6 28.7893 0.91077
0.1 8 26.3486 1.1059
0.1 10 22.6682 1.1844
0.1 20 14.9915 2.212
0.1 30 11.0091 2.8748
0.1 40 9.0901 2.861
0.1 50 7.9149 3.0919
0.1 60 6.7325 3.231
0.1 70 7.1078 3.1592
0.1 80 6.3758 3.3722
0.1 90 5.8591 3.4925
0.1 100 6.2283 3.6991
0.1 150 5.6207 3.6402
0.1 200 5.7829 3.5958
0.1 250 5.35 3.4386
0.1 300 5.4054 3.6144
0.1 350 5.4124 3.5993
0.1 400 5.3986 3.6104
0.1 450 5.3471 3.8408
0.1 500 5.3014 3.7292
0.1 600 5.2608 3.773
0.1 700 5.1394 3.7816
0.1 800 5.2902 3.6224
0.1 900 5.2792 3.6285
0.1 1000 5.2328 2.9897
0.3 4 35.3499 0.72251
0.3 6 28.7668 0.90573
0.3 8 26.6504 1.0431
0.3 10 22.1034 1.2371
0.3 20 14.5374 2.2351
0.3 30 11.5836 2.6883
0.3 40 9.4994 3.0861
0.3 50 8.1938 2.7949
0.3 60 6.8081 3.2558
0.3 70 7.0887 3.466
0.3 80 6.3417 3.5379
0.3 90 5.7604 3.6393
0.3 100 6.1459 3.5096
0.3 150 5.5907 3.5864
0.3 200 5.7832 3.4601
0.3 250 5.3261 3.5346
0.3 300 5.348 3.5438
0.3 350 5.402 3.564
0.3 400 5.3832 3.6511
0.3 450 5.3722 3.6206
0.3 500 5.3018 3.8515
0.3 600 5.3449 3.7411
0.3 700 5.3892 3.7693
0.3 800 5.309 3.6811
0.3 900 5.2994 3.7099
0.3 1000 5.3506 3.8637
0.5 4 41.4691 0.49286
0.5 6 33.4829 0.8105
0.5 8 30.5223 0.99116
0.5 10 29.5497 1.1843
0.5 20 22.235 1.9783
0.5 30 18.5309 2.421
0.5 40 15.8342 3.0412
0.5 50 14.8822 3.3038
0.5 60 12.7058 3.2987
0.5 70 11.4367 3.6665
0.5 80 10.7428 3.3736
0.5 90 9.9594 3.4266
0.5 100 8.9393 3.6688
0.5 150 7.5014 3.5122
0.5 200 6.774 3.6249
0.5 250 6.3027 3.6374
0.5 300 6.0019 3.4521
0.5 350 6.1929 3.6645
0.5 400 5.8947 3.6388
0.5 450 5.639 3.637
0.5 500 5.4448 3.6846
0.5 600 5.648 3.5847
0.5 700 5.5352 3.6592
0.5 800 5.3373 3.5401
0.5 900 5.5624 3.6621
0.5 1000 5.345 3.6451
0.7 4 45.5918 0.38183
0.7 6 40.4897 0.728
0.7 8 38.4369 1.0095
0.7 10 37.6616 1.2871
0.7 20 34.4075 2.6664
0.7 30 30.1874 2.7474
0.7 40 29.2322 3.0687
0.7 50 27.6904 3.0878
0.7 60 26.3934 3.4975
0.7 70 25.413 3.4324
0.7 80 24.1989 3.7281
0.7 90 23.8569 3.3417
0.7 100 23.6043 3.8304
0.7 150 20.2854 3.5185
0.7 200 18.3875 3.4227
0.7 250 17.3144 3.5937
0.7 300 16.171 3.527
0.7 350 15.3593 3.359
0.7 400 14.7999 3.4445
0.7 450 14.3405 3.4463
0.7 500 13.8054 3.5635
0.7 600 12.4617 3.4934
0.7 700 10.5571 3.4822
0.7 800 9.3346 3.3216
0.7 900 8.6173 3.332
0.7 1000 7.8329 3.541
0.9 4 47.52 0.27867
0.9 6 44.2329 0.54521
0.9 8 42.9634 0.86229
0.9 10 41.4823 1.2289
0.9 20 39.521 2.6479
0.9 30 37.8272 2.8796
0.9 40 36.1196 2.9681
0.9 50 34.8525 3.2966
0.9 60 33.8476 3.2793
0.9 70 32.7857 3.5435
0.9 80 31.728 3.5692
0.9 90 31.0344 3.5481
0.9 100 30.8064 3.5087
0.9 150 28.1486 3.7136
0.9 200 26.2614 3.6419
0.9 250 25.036 3.5974
0.9 300 24.0526 3.4361
0.9 350 23.5507 3.361
0.9 400 22.6592 3.3003
0.9 450 21.7201 3.498
0.9 500 21.3341 3.3871
0.9 600 20.2983 3.4052
0.9 700 19.7856 3.3933
0.9 800 19.882 3.1848
0.9 900 19.8175 3.4436
0.9 1000 19.933 3.3116
