4 37.7604 0.63294 6.9658 31.1652
6 31.0932 0.89318 6.9773 34.5174
8 28.1382 1.1688 7 36.0144
10 25.207 1.3841 6.9887 37.4955
20 17.2104 2.1705 7 41.5499
30 12.8319 2.8829 7 43.79
40 10.6542 2.575 7 44.8568
50 8.7989 2.9113 7 45.8085
60 9.0012 3.1211 7 45.7223
70 7.9843 3.3812 7 46.2494
80 7.1224 3.3808 7 46.6803
90 6.3421 3.4381 7 47.0745
100 6.6785 3.7182 7 46.9263
150 5.864 3.4626 7 47.3153
200 5.6423 3.39 7 47.421
250 5.6673 3.6801 7 47.4292
300 5.2439 3.4728 7 47.6261
350 5.4188 3.4642 7 47.538
400 5.5493 3.6157 7 47.4836
450 5.0921 3.6411 7 47.714
500 5.268 3.5334 7 47.6184
600 5.4457 3.7423 7 47.5445
700 5.4514 3.6764 7 47.5369
800 5.5501 3.686 7 47.4882
900 5.4054 3.5029 7 47.5475
1000 5.5173 3.7371 7 47.5083
4 37.7696 0.63269 6.9658 31.1606
6 33.0657 0.88292 6.9658 33.5305
8 27.2824 1.0804 6.9658 36.4363
10 23.6335 1.251 6.9887 38.2728
20 16.3333 2.3295 7 41.9998
30 12.544 2.8728 7 43.9332
40 10.3531 2.99 7 45.037
50 9.002 2.7537 7 45.6957
60 7.6476 3.0748 7 46.3959
70 7.7511 3.1805 7 46.3516
80 7.0889 3.439 7 46.7012
90 6.2537 3.4421 7 47.119
100 6.8555 3.5597 7 46.8265
150 6.0213 3.4227 7 47.2338
200 5.2975 3.5806 7 47.607
250 5.5327 3.5348 7 47.4861
300 5.241 3.4078 7 47.6229
350 5.3854 3.5613 7 47.5617
400 5.255 3.7638 7 47.6413
450 5.309 3.6752 7 47.608
500 5.1857 3.7654 7 47.6761
600 5.4221 3.6714 7 47.5512
700 5.4652 3.625 7 47.5263
800 5.4426 3.594 7 47.5354
900 5.4325 3.5154 7 47.5349
1000 5.5251 3.6828 7 47.5005
4 38.2896 0.59763 6.9542 30.8982
6 31.1863 0.92902 6.9773 34.4734
8 27.8464 1.0521 6.9773 36.1522
10 24.6917 1.2438 6.9773 37.7433
20 16.8896 1.9869 6.9658 41.6978
30 13.2997 2.8089 7 43.5508
40 11.0011 2.958 7 44.7107
50 8.8877 2.8845 7 45.7622
60 8.6485 3.2992 7 45.9114
70 8.0455 3.3969 7 46.2199
80 7.0246 3.442 7 46.7335
90 6.646 3.305 7 46.9131
100 6.9127 3.3199 7 46.7808
150 6.0044 3.3444 7 47.2367
200 5.5498 3.5683 7 47.48
250 5.7286 3.4693 7 47.3835
300 5.2478 3.3308 7 47.614
350 5.4464 3.7735 7 47.5463
400 5.4999 3.6229 7 47.5088
450 5.5246 3.5996 7 47.4948
500 5.3568 3.6972 7 47.5857
600 5.4568 3.7143 7 47.5369
700 5.4708 3.7247 7 47.5307
800 5.4255 3.7192 7 47.5529
900 5.4356 3.6193 7 47.5407
1000 5.4912 3.8253 7 47.5277
4 37.7604 0.63294 6.9658 31.1652
6 31.0932 0.89318 6.9773 34.5174
8 28.1382 1.1688 7 36.0144
10 25.207 1.3841 6.9887 37.4955
20 17.2104 2.1705 7 41.5499
30 12.8319 2.8829 7 43.79
40 10.6542 2.575 7 44.8568
50 8.7989 2.9113 7 45.8085
60 9.0012 3.1211 7 45.7223
70 7.9843 3.3812 7 46.2494
80 7.1224 3.3808 7 46.6803
90 6.3421 3.4381 7 47.0745
100 6.6785 3.7182 7 46.9263
150 5.864 3.4626 7 47.3153
200 5.6423 3.39 7 47.421
250 5.6673 3.6801 7 47.4292
300 5.2439 3.4728 7 47.6261
350 5.4188 3.4642 7 47.538
400 5.5493 3.6157 7 47.4836
450 5.0921 3.6411 7 47.714
500 5.268 3.5334 7 47.6184
600 5.4457 3.7423 7 47.5445
700 5.4514 3.6764 7 47.5369
800 5.5501 3.686 7 47.4882
900 5.4054 3.5029 7 47.5475
1000 5.5173 3.7371 7 47.5083
