16 23.3755 0.89785 6.9887 38.3765
32 16.6209 1.7504 7 41.8146
64 10.7949 1.9132 7 44.7392
100 8.4203 2.1596 7 45.9441
150 6.449 2.9738 7 46.9879
200 6.4173 2.9446 7 47.0017
250 5.2647 3.1636 7 47.5936
300 5.4964 3.4076 7 47.4952
350 5.9583 3.6009 7 47.2781
400 5.1478 3.7122 7 47.6912
450 5.3328 3.666 7 47.5954
500 5.6521 3.6148 7 47.4321
600 5.1121 3.5772 7 47.6995
700 5.6152 3.6889 7 47.4559
800 5.3244 3.6422 7 47.598
900 5.5393 3.769 7 47.4996
1000 5.1786 3.8053 7 47.6825
16 22.9901 0.94735 6.9887 38.5727
32 16.2581 1.856 7 42.0035
64 11.0096 2.3298 7 44.6616
100 8.696 2.5393 7 45.8334
150 6.4364 2.8874 7 46.9881
200 6.4656 3.0025 7 46.9817
250 5.1543 3.2181 7 47.6527
300 5.5396 3.2674 7 47.4636
350 6.0297 3.4538 7 47.2318
400 5.2612 3.9033 7 47.6482
450 5.4127 3.7152 7 47.559
500 5.6099 3.7067 7 47.4598
600 5.158 3.8278 7 47.6944
700 5.6082 3.8481 7 47.4707
800 5.2187 3.5791 7 47.6463
900 5.4892 3.814 7 47.5278
1000 5.2587 3.8094 7 47.6427
16 22.6515 0.91658 7 38.7397
32 16.7722 1.8048 6.9887 41.743
64 11.0289 2.2035 6.9887 44.6432
100 8.696 2.4021 7 45.8236
150 6.1323 3.0046 7 47.1485
200 6.4671 3.061 7 46.9851
250 5.2656 3.2546 7 47.5997
300 5.6624 3.3416 7 47.4075
350 5.9993 3.4492 7 47.2467
400 6.1748 3.6316 7 47.172
450 5.4422 3.8305 7 47.5525
500 5.6452 3.7464 7 47.445
600 5.1454 3.5835 7 47.6833
700 5.4857 3.687 7 47.5205
800 5.1961 3.5881 7 47.6583
900 5.4486 3.8012 7 47.5472
1000 5.2899 3.7305 7 47.6215
