0.1 4 36.2028 0.69841 6.9425 31.9489
0.1 6 29.6548 0.93404 6.9542 35.2397
0.1 8 25.2879 1.0677 6.9658 37.4327
0.1 10 22.1795 1.2568 6.9773 39.0003
0.1 20 14.5988 2.3205 6.9887 42.8666
0.1 30 11.082 2.6552 7 44.6487
0.1 40 9.1832 2.8429 7 45.6115
0.1 50 7.8346 3.0682 7 46.3018
0.1 60 7.0484 3.205 7 46.7047
0.1 70 7.0258 3.5549 7 46.741
0.1 80 6.4216 3.5538 7 47.0431
0.1 90 5.851 3.629 7 47.3337
0.1 100 6.26 3.5224 7 47.1216
0.1 150 5.6628 3.5758 7 47.424
0.1 200 5.8038 3.4924 7 47.3476
0.1 250 5.3611 3.6886 7 47.5829
0.1 300 5.4141 3.4687 7 47.5407
0.1 350 5.4734 3.5093 7 47.514
0.1 400 5.3896 3.6393 7 47.5651
0.1 450 5.352 3.7659 7 47.593
0.1 500 5.3565 3.8045 7 47.5935
0.1 600 5.4045 3.7432 7 47.5651
0.1 700 5.3566 3.6751 7 47.5842
0.1 800 5.2039 3.747 7 47.6657
0.1 900 5.3527 3.6729 7 47.586
0.1 1000 5.3233 2.8417 5.9542 47.577
0.3 4 35.4163 0.7231 6.9542 32.3438
0.3 6 28.7017 0.91568 6.9542 35.715
0.3 8 26.0317 1.0369 6.9773 37.0585
0.3 10 21.4189 1.2191 6.9773 39.3779
0.3 20 14.6121 2.1335 7 42.8463
0.3 30 10.83 2.8696 7 44.79
0.3 40 9.2302 2.9475 7 45.5954
0.3 50 7.781 3.0899 7 46.3302
0.3 60 6.9405 3.4533 7 46.7764
0.3 70 7.0198 3.1785 7 46.7171
0.3 80 6.3612 3.3237 7 47.0568
0.3 90 5.7271 3.6054 7 47.394
0.3 100 6.19 3.6757 7 47.1676
0.3 150 5.6185 3.5139 7 47.4417
0.3 200 5.8104 3.5315 7 47.3471
0.3 250 5.2806 3.7151 7 47.625
0.3 300 5.396 3.5581 7 47.5562
0.3 350 5.4382 3.6805 7 47.5438
0.3 400 5.4062 3.6387 7 47.5568
0.3 450 5.3666 3.7539 7 47.5848
0.3 500 5.3148 3.8465 7 47.6173
0.3 600 5.456 3.6488 7 47.5326
0.3 700 5.3051 3.732 7 47.614
0.3 800 5.4135 3.7892 7 47.5639
0.3 900 5.3445 3.6889 7 47.5912
0.3 1000 5.1826 2.9484 5.9773 47.6554
0.5 4 40.4207 0.47087 6.9069 29.8238
0.5 6 33.6355 0.78454 6.9542 33.2387
0.5 8 30.5962 0.99803 6.9887 34.7733
0.5 10 30.2353 1.1842 7 34.9669
0.5 20 22.287 2.2214 7 39.0152
0.5 30 18.2539 2.2652 7 41.0348
0.5 40 15.402 3.0156 7 42.5144
0.5 50 14.8062 3.1204 7 42.8198
0.5 60 12.5618 3.062 7 43.9378
0.5 70 11.2313 3.2695 7 44.6179
0.5 80 11.0318 3.4299 7 44.7291
0.5 90 9.8596 3.4437 7 45.3162
0.5 100 9.9391 3.5162 7 45.2816
0.5 150 7.3723 3.547 7 46.5672
0.5 200 6.7251 3.5008 7 46.8875
0.5 250 6.4055 3.6528 7 47.0582
0.5 300 5.9168 3.5671 7 47.2964
0.5 350 6.1725 3.6457 7 47.1741
0.5 400 5.858 3.5946 7 47.3277
0.5 450 5.5598 3.6404 7 47.4801
0.5 500 5.4664 3.7 7 47.5311
0.5 600 5.455 3.5913 7 47.529
0.5 700 5.4335 3.7724 7 47.5527
0.5 800 5.3847 3.5285 7 47.5597
0.5 900 5.5146 3.5059 7 47.4931
0.5 1000 5.5095 3.7701 7 47.5145
0.7 4 45.108 0.41428 6.9542 27.4758
0.7 6 41.4828 0.63451 6.9773 29.3041
0.7 8 38.2753 0.98875 6.9887 30.9331
0.7 10 37.1814 1.3506 7 31.5058
0.7 20 33.8934 2.5702 7 33.2369
0.7 30 31.1947 2.6117 7 34.5892
0.7 40 29.4238 2.7377 7 35.4837
0.7 50 27.0899 3.1413 7 36.6794
0.7 60 26.3866 3.3436 7 37.0455
0.7 70 25.565 3.2073 7 37.4466
0.7 80 24.3671 3.234 7 38.0475
0.7 90 23.247 3.5894 7 38.6329
0.7 100 23.4438 3.6996 7 38.5423
0.7 150 20.0072 3.4608 7 40.2436
0.7 200 18.6852 3.3923 7 40.8997
0.7 250 17.1994 3.6014 7 41.6575
0.7 300 16.2561 3.5908 7 42.1285
0.7 350 15.609 3.3838 7 42.4372
0.7 400 14.8829 3.1839 7 42.786
0.7 450 14.2296 3.4713 7 43.1332
0.7 500 13.845 3.511 7 43.3283
0.7 600 12.1668 3.353 7 44.1561
0.7 700 10.3926 3.3746 7 45.0447
0.7 800 9.2494 3.3469 7 45.6144
0.7 900 8.6391 3.5594 7 45.9347
0.7 1000 7.9006 3.503 7 46.2999
0.9 4 48.83 0.287 6.9658 25.6056
0.9 6 44.3145 0.56842 6.9658 27.8836
0.9 8 42.8501 0.90559 6.9773 28.6399
0.9 10 42.195 1.3566 6.9887 28.9995
0.9 20 39.0699 2.6536 7 30.6546
0.9 30 37.9318 2.8308 7 31.2363
0.9 40 35.3681 3.0389 7 32.533
0.9 50 34.4149 3.2853 7 33.0272
0.9 60 33.973 3.2188 7 33.2434
0.9 70 33.0291 3.4559 7 33.7323
0.9 80 31.862 3.6613 7 34.3305
0.9 90 31.2719 3.4993 7 34.614
0.9 100 30.8222 3.7408 7 34.8561
0.9 150 28.6034 3.623 7 35.9571
0.9 200 26.6289 3.7081 7 36.9504
0.9 250 24.8649 3.5872 7 37.8238
0.9 300 23.9795 3.451 7 38.2567
0.9 350 23.3436 3.347 7 38.5673
0.9 400 22.5103 3.4454 7 38.9909
0.9 450 21.8613 3.351 7 39.3087
0.9 500 21.6258 3.5798 7 39.4428
0.9 600 20.3857 3.6501 7 40.0679
0.9 700 20.6791 3.228 7 39.891
0.9 800 20.1011 3.5284 7 40.2015
0.9 900 20.3649 3.2746 7 40.0514
0.9 1000 19.6407 3.4653 7 40.4272
