4 37.959 0.63119 6.9307 31.066
6 31.2669 0.88541 6.9773 34.43
8 28.5901 1.1544 6.9658 35.7878
10 25.0624 1.2007 6.9773 37.5549
20 16.1286 2.1276 6.9887 42.0879
30 13.6701 2.6081 7 43.3513
40 10.3669 3.0182 7 45.0321
50 9.0933 3.0193 7 45.669
60 9.0382 3.1286 7 45.7044
70 8.0292 3.3598 7 46.2254
80 7.1231 3.2774 7 46.6725
90 6.5459 3.3363 7 46.9654
100 6.4359 3.4192 7 47.0263
150 6.0597 3.6119 7 47.2281
200 5.5357 3.4008 7 47.4751
250 5.6283 3.3404 7 47.4245
300 5.3855 3.6338 7 47.5668
350 5.4811 3.5435 7 47.5126
400 5.5034 3.6173 7 47.5067
450 5.5311 3.7332 7 47.5011
500 5.2825 3.6768 7 47.6214
600 5.4738 3.7353 7 47.5299
700 5.5217 3.6909 7 47.5028
800 5.4889 3.8985 7 47.534
900 5.5379 3.7268 7 47.4973
1000 5.4219 3.7178 7 47.5546
