0.1 4 35.8143 0.69655 6.9658 32.1429
0.1 6 29.1372 0.91534 6.9887 35.4969
0.1 8 26.3639 1.1418 6.9887 36.8997
0.1 10 21.819 1.2143 6.9887 39.1774
0.1 20 14.2107 2.1771 6.9887 43.0504
0.1 30 10.7499 2.6411 6.9887 44.814
0.1 40 9.015 2.8341 6.9887 45.6953
0.1 50 7.8942 3.291 7 46.288
0.1 60 6.9361 3.164 7 46.758
0.1 70 7.1555 3.3242 7 46.6597
0.1 80 6.3791 3.4304 7 47.0555
0.1 90 5.825 3.4482 7 47.3338
0.1 100 6.124 3.6324 7 47.1974
0.1 150 5.6566 3.5108 7 47.4225
0.1 200 5.7778 3.5621 7 47.3655
0.1 250 5.2967 3.657 7 47.6129
0.1 300 5.361 3.6504 7 47.5803
0.1 350 5.4293 3.6265 7 47.5444
0.1 400 5.3802 3.6416 7 47.57
0.1 450 5.363 3.7119 7 47.5836
0.1 500 5.3573 3.7213 7 47.5871
0.1 600 5.4859 3.8756 7 47.5339
0.1 700 5.207 3.8612 7 47.6723
0.1 800 5.3189 3.6311 7 47.5999
0.1 900 5.3809 2.953 5.9542 47.5575
0.1 1000 5.3291 2.942 5.9542 47.5825
0.3 4 35.5542 0.7418 6.9542 32.2762
0.3 6 29.0828 0.89519 6.9658 35.5229
0.3 8 26.7561 1.1038 6.9887 36.7009
0.3 10 21.8176 1.2233 6.9887 39.1787
0.3 20 14.2334 2.2643 7 43.045
0.3 30 11.1096 2.6394 6.9887 44.6341
0.3 40 9.0419 2.8229 7 45.6807
0.3 50 8.1011 3.2586 7 46.1822
0.3 60 7.1669 3.0249 7 46.6326
0.3 70 7.1816 3.5197 7 46.6606
0.3 80 6.3999 3.5068 7 47.0505
0.3 90 5.812 3.4453 7 47.3401
0.3 100 6.1458 3.7393 7 47.1942
0.3 150 5.5971 3.659 7 47.4628
0.3 200 5.1938 3.5095 7 47.6538
0.3 250 5.3668 3.7172 7 47.5821
0.3 300 5.3881 3.6364 7 47.5657
0.3 350 5.4261 3.4736 7 47.5351
0.3 400 5.3932 3.463 7 47.5507
0.3 450 5.4112 3.6684 7 47.5564
0.3 500 5.2889 3.7704 7 47.6249
0.3 600 5.13 3.794 7 47.706
0.3 700 5.3833 3.7316 7 47.5749
0.3 800 5.31 3.7961 7 47.6162
0.3 900 5.2468 3.7023 7 47.6411
0.3 1000 5.3438 2.9011 5.9542 47.5717
0.5 4 40.1951 0.54313 6.9658 29.9414
0.5 6 33.3119 0.80614 6.9658 33.4019
0.5 8 31.1536 1.0011 6.9773 34.495
0.5 10 29.4699 1.251 6.9887 35.3546
0.5 20 22.6591 2.4418 7 38.8448
0.5 30 18.6171 2.5851 7 40.8761
0.5 40 15.568 2.6442 7 42.4049
0.5 50 14.631 3.2152 7 42.9141
0.5 60 12.747 3.0502 7 43.8444
0.5 70 11.2626 3.4576 7 44.6157
0.5 80 10.8582 3.418 7 44.815
0.5 90 9.9192 3.5469 7 45.2937
0.5 100 9.774 3.6639 7 45.3747
0.5 150 7.4765 3.6024 7 46.5191
0.5 200 6.8028 3.551 7 46.8522
0.5 250 6.2703 3.6735 7 47.1272
0.5 300 5.9475 3.6743 7 47.2887
0.5 350 6.1475 3.4823 7 47.175
0.5 400 5.8942 3.5561 7 47.3069
0.5 450 5.576 3.6729 7 47.4744
0.5 500 5.8595 3.5852 7 47.3263
0.5 600 5.3565 3.6257 7 47.5807
0.5 700 5.4915 3.6745 7 47.5167
0.5 800 5.4625 3.5828 7 47.5247
0.5 900 5.4441 3.7607 7 47.5466
0.5 1000 5.5331 2.7824 5.3923 47.4915
0.7 4 45.4701 0.37067 6.9542 27.2916
0.7 6 40.5906 0.69362 6.9773 29.7544
0.7 8 38.7191 0.9825 6.9887 30.7107
0.7 10 37.1641 1.2116 6.9773 31.5048
0.7 20 34.1879 2.6165 7 33.093
0.7 30 31.0267 2.7987 7 34.6866
0.7 40 28.8899 2.8966 7 35.762
0.7 50 27.4254 3.3151 7 36.5241
0.7 60 26.3472 3.3378 7 37.0648
0.7 70 25.9505 3.5333 7 37.2771
0.7 80 24.1568 3.5079 7 38.1722
0.7 90 23.74 3.7666 7 38.399
0.7 100 22.8273 3.7426 7 38.8537
0.7 150 20.1593 3.5432 7 40.1734
0.7 200 18.3812 3.4876 7 41.0585
0.7 250 17.3694 3.6793 7 41.5781
0.7 300 16.2633 3.4894 7 42.1176
0.7 350 15.6316 3.4667 7 42.4318
0.7 400 14.9137 3.4671 7 42.7908
0.7 450 14.1159 3.5731 7 43.1973
0.7 500 13.8848 3.4881 7 43.3067
0.7 600 12.4021 3.3589 7 44.0389
0.7 700 10.441 3.5195 7 45.0309
0.7 800 9.4344 3.5223 7 45.5344
0.7 900 8.4166 3.4936 7 46.0412
0.7 1000 8.2348 3.5952 7 46.1394
0.9 4 48.8996 0.29225 6.9658 25.5712
0.9 6 44.8109 0.58185 6.9658 27.6363
0.9 8 43.2566 0.89647 6.9887 28.4358
0.9 10 42.2247 1.3137 6.9887 28.9816
0.9 20 39.2059 2.1922 7 30.5537
0.9 30 37.5764 2.9117 7 31.4198
0.9 40 35.6217 2.945 7 32.3995
0.9 50 34.6823 3.3224 7 32.8961
0.9 60 33.9908 3.1785 7 33.2316
0.9 70 33.182 3.3263 7 33.6466
0.9 80 31.8443 3.6145 7 34.3361
0.9 90 30.965 3.5823 7 34.7734
0.9 100 30.8107 3.5886 7 34.851
0.9 150 28.6337 3.5092 7 35.9338
0.9 200 26.2834 3.6795 7 37.1211
0.9 250 25.058 3.3323 7 37.709
0.9 300 23.8277 3.4196 7 38.3304
0.9 350 23.6815 3.4545 7 38.406
0.9 400 22.7222 3.3086 7 38.8753
0.9 450 22.0574 3.5687 7 39.2262
0.9 500 21.6987 3.5267 7 39.4026
0.9 600 20.1317 3.4122 7 40.1779
0.9 700 19.9824 3.4783 7 40.2573
0.9 800 19.855 3.2621 7 40.3055
0.9 900 20.0579 3.2878 7 40.2059
0.9 1000 20.0118 3.314 7 40.2308
0.1 4 35.3651 0.7222 6.9542 32.3694
0.1 6 28.6517 0.912 6.9773 35.7395
0.1 8 26.34 1.1111 6.9887 36.9095
0.1 10 22.1919 1.1987 6.9773 38.9899
0.1 20 14.8067 1.9272 7 42.7343
0.1 30 11.2423 2.8194 6.9887 44.5805
0.1 40 9.245 3.1696 7 45.6039
0.1 50 7.9781 3.0582 7 46.2294
0.1 60 7.0356 3.429 7 46.7271
0.1 70 7.1102 3.3498 7 46.6842
0.1 80 6.4772 3.4245 7 47.006
0.1 90 5.7554 3.483 7 47.3711
0.1 100 6.1365 3.5522 7 47.1855
0.1 150 5.5789 3.7835 7 47.4808
0.1 200 5.245 3.708 7 47.6424
0.1 250 5.3488 3.6099 7 47.5835
0.1 300 5.4109 3.587 7 47.5508
0.1 350 5.3904 3.6452 7 47.5652
0.1 400 5.3877 3.7026 7 47.5706
0.1 450 5.3705 3.7556 7 47.583
0.1 500 5.286 3.8124 7 47.6293
0.1 600 5.3657 3.7747 7 47.5868
0.1 700 5.466 3.7199 7 47.5327
0.1 800 5.3285 3.8458 7 47.6105
0.1 900 5.389 3.6693 6.9887 47.568
0.1 1000 5.2862 2.9671 5.9542 47.6061
0.3 4 35.4573 0.70396 6.9425 32.3221
0.3 6 29.5792 0.87106 6.9542 35.273
0.3 8 26.2457 1.0552 6.9773 36.9528
0.3 10 21.8803 1.2146 6.9542 39.1472
0.3 20 14.6156 2.0598 7 42.8393
0.3 30 11.0243 2.6906 7 44.68
0.3 40 9.2623 3.1 6.9887 45.5907
0.3 50 7.8715 3.2963 7 46.2997
0.3 60 6.6577 3.1573 7 46.8967
0.3 70 7.2145 3.3711 7 46.6336
0.3 80 6.2688 3.4435 7 47.1116
0.3 90 5.89 3.6196 7 47.3135
0.3 100 6.17 3.6463 7 47.1755
0.3 150 5.6285 3.5271 7 47.4377
0.3 200 5.1505 3.5054 7 47.6751
0.3 250 5.3286 3.4864 7 47.5847
0.3 300 5.3723 3.5472 7 47.5672
0.3 350 5.4148 3.6011 7 47.5498
0.3 400 5.4014 3.5305 7 47.5515
0.3 450 5.3727 3.6977 7 47.5778
0.3 500 5.32 3.6307 7 47.5993
0.3 600 5.2616 3.7716 7 47.6386
0.3 700 5.3722 3.7129 7 47.5791
0.3 800 5.3175 3.8494 7 47.6162
0.3 900 5.3553 3.6491 7 47.583
0.3 1000 5.2911 2.902 5.9542 47.5981
0.5 4 40.1564 0.48217 6.9069 29.9567
0.5 6 33.8198 0.8068 6.9542 33.1481
0.5 8 30.8003 1.0406 6.9773 34.6744
0.5 10 29.0869 1.2467 7 35.5456
0.5 20 23.1212 2.2137 6.9887 38.5978
0.5 30 17.9825 2.4283 7 41.1822
0.5 40 15.4803 2.7482 7 42.4562
0.5 50 14.7767 3.2894 7 42.8466
0.5 60 12.7748 3.5213 7 43.8641
0.5 70 11.4181 3.2611 7 44.5239
0.5 80 11.1679 3.5327 7 44.6684
0.5 90 9.6313 3.7657 7 45.4533
0.5 100 9.6157 3.4509 7 45.4387
0.5 150 7.5514 3.687 7 46.4877
0.5 200 6.742 3.5977 7 46.886
0.5 250 6.4398 3.6949 7 47.044
0.5 300 5.9371 3.7607 7 47.3001
0.5 350 6.1424 3.4545 7 47.1756
0.5 400 5.9285 3.636 7 47.2955
0.5 450 5.6704 3.4509 7 47.4113
0.5 500 5.4779 3.6243 7 47.5199
0.5 600 5.5276 3.6537 7 47.4972
0.5 700 5.4984 3.5809 7 47.5066
0.5 800 5.6341 3.5837 7 47.4389
0.5 900 5.4373 3.6548 7 47.5424
0.5 1000 5.2541 3.6355 7 47.6326
0.7 4 44.9097 0.41883 6.9658 27.5752
0.7 6 40.4285 0.72863 6.9773 29.838
0.7 8 39.0701 0.90703 6.9658 30.5301
0.7 10 37.6887 1.2141 6.9887 31.2425
0.7 20 34.2346 2.487 7 33.0603
0.7 30 30.9317 2.748 7 34.7304
0.7 40 29.4788 2.6429 7 35.4494
0.7 50 27.2731 2.8927 7 36.57
0.7 60 26.4016 3.1078 7 37.0212
0.7 70 25.5179 3.5867 7 37.4972
0.7 80 24.3753 3.3086 7 38.0487
0.7 90 23.7285 3.6716 7 38.398
0.7 100 22.8393 3.7641 7 38.8492
0.7 150 20.107 3.6264 7 40.2055
0.7 200 18.6186 3.6283 7 40.9499
0.7 250 17.2809 3.4552 7 41.6063
0.7 300 16.4078 3.35 7 42.0354
0.7 350 15.5323 3.2737 7 42.4677
0.7 400 14.9933 3.3646 7 42.7437
0.7 450 14.2495 3.4366 7 43.1207
0.7 500 13.8564 3.2908 7 43.3069
0.7 600 12.3036 3.5677 7 44.103
0.7 700 10.854 3.3784 7 44.8143
0.7 800 9.468 3.4587 7 45.5131
0.7 900 8.3323 3.6242 7 46.0927
0.7 1000 8.1608 3.5489 7 46.1731
0.9 4 47.7061 0.26433 6.9542 26.166
0.9 6 44.6264 0.57221 6.9773 27.7278
0.9 8 43.1182 0.83063 6.9773 28.5004
0.9 10 41.8219 1.179 6.9887 29.1734
0.9 20 39.32 2.3381 6.9887 30.5073
0.9 30 37.6203 2.9051 6.9887 31.3977
0.9 40 36.0145 3.208 6.9887 32.2223
0.9 50 35.3436 3.2769 7 32.5623
0.9 60 33.7583 3.3136 7 33.3575
0.9 70 32.8745 3.2031 7 33.7915
0.9 80 32.1465 3.6072 7 34.1844
0.9 90 31.0544 3.5885 7 34.7291
0.9 100 30.874 3.631 7 34.8224
0.9 150 28.1366 3.6507 7 36.1924
0.9 200 26.5884 3.5582 7 36.96
0.9 250 25.014 3.503 7 37.7432
0.9 300 23.8768 3.2562 7 38.2942
0.9 350 23.4182 3.5208 7 38.5424
0.9 400 22.6509 3.3398 7 38.9131
0.9 450 21.8546 3.3004 7 39.3084
0.9 500 21.633 3.5536 7 39.4373
0.9 600 20.5596 3.3806 7 39.9616
0.9 700 19.6378 3.2869 7 40.4159
0.9 800 20.368 3.2394 7 40.0474
0.9 900 20.0361 3.3493 7 40.2212
0.9 1000 19.9904 3.2552 7 40.2373
0.1 4 35.5261 0.66649 6.9069 32.2852
0.1 6 29.0541 0.88422 6.9425 35.5366
0.1 8 25.8647 1.1102 6.9542 37.1475
0.1 10 22.5761 1.2255 6.9773 38.7998
0.1 20 14.567 2.2348 7 42.8761
0.1 30 11.3281 2.6333 7 44.524
0.1 40 9.2811 3.1695 7 45.5858
0.1 50 7.8323 3.311 7 46.3204
0.1 60 6.9129 3.5552 7 46.7975
0.1 70 7.2145 3.5045 7 46.6431
0.1 80 6.4725 3.5829 7 47.0197
0.1 90 5.9488 3.4882 7 47.2747
0.1 100 6.1695 3.611 7 47.1732
0.1 150 5.6729 3.5449 7 47.4168
0.1 200 5.1892 3.4271 7 47.6502
0.1 250 5.2605 3.4557 7 47.6166
0.1 300 5.3627 3.4779 7 47.5671
0.1 350 5.3711 3.5429 7 47.5675
0.1 400 5.391 3.6622 7 47.5661
0.1 450 5.3694 3.7045 7 47.5799
0.1 500 5.2944 3.8876 7 47.6305
0.1 600 5.4084 3.746 7 47.5634
0.1 700 5.1839 3.6661 7 47.6699
0.1 800 5.449 3.811 7 47.5477
0.1 900 5.2696 3.7811 7 47.6353
0.1 1000 5.443 3.7035 7 47.543
0.3 4 35.08 0.69544 6.9542 32.51
0.3 6 28.3012 0.90884 6.9542 35.9147
0.3 8 26.1925 1.1782 6.9887 36.988
0.3 10 21.5156 1.2736 6.9773 39.3335
0.3 20 14.2407 2.1366 6.9887 43.0325
0.3 30 11.1408 2.5377 7 44.6109
0.3 40 9.237 2.8394 7 45.5843
0.3 50 7.6862 3.2117 7 46.3863
0.3 60 6.7728 3.3976 7 46.8563
0.3 70 6.9917 3.3143 7 46.7409
0.3 80 6.4044 3.4161 7 47.0418
0.3 90 5.7776 3.4877 7 47.3603
0.3 100 6.2494 3.4767 7 47.1236
0.3 150 5.651 3.4294 7 47.4195
0.3 200 5.2819 3.4091 7 47.6025
0.3 250 5.2769 3.5819 7 47.6174
0.3 300 5.4299 3.5414 7 47.538
0.3 350 5.4371 3.702 7 47.5459
0.3 400 5.3953 3.6662 7 47.5642
0.3 450 5.3751 3.8114 7 47.5847
0.3 500 5.2944 3.7386 7 47.6198
0.3 600 5.1679 3.7646 7 47.685
0.3 700 5.4664 3.7466 7 47.5344
0.3 800 5.2827 3.8461 7 47.6334
0.3 900 5.3547 3.6334 7 47.5822
0.3 1000 5.5062 2.9771 6 47.495
0.5 4 40.1029 0.51205 6.9425 29.9854
0.5 6 34.1624 0.79358 6.9773 32.9757
0.5 8 30.89 0.99303 6.9887 34.6261
0.5 10 29.492 1.1821 6.9773 35.3387
0.5 20 22.6856 2.4748 7 38.834
0.5 30 18.2317 2.4528 7 41.0593
0.5 40 15.393 3.1119 7 42.5258
0.5 50 14.5142 3.078 7 42.9628
0.5 60 12.6077 3.1958 7 43.9244
0.5 70 11.651 3.4841 7 44.4233
0.5 80 10.8825 3.4393 7 44.8044
0.5 90 9.9302 3.4915 7 45.2843
0.5 100 9.7966 3.5858 7 45.3578
0.5 150 7.4611 3.5812 7 46.5253
0.5 200 6.7069 3.6112 7 46.9045
0.5 250 6.3225 3.5088 7 47.0894
0.5 300 5.8947 3.5994 7 47.3098
0.5 350 6.081 3.7246 7 47.2255
0.5 400 5.7956 3.6639 7 47.3639
0.5 450 5.653 3.6438 7 47.4338
0.5 500 5.4716 3.6405 7 47.5243
0.5 600 5.6 3.7584 7 47.4684
0.5 700 5.3439 3.6378 7 47.5879
0.5 800 5.6958 3.6692 7 47.4142
0.5 900 5.3532 3.6369 7 47.5832
0.5 1000 5.5459 3.5637 7 47.4816
0.7 4 45.5211 0.38722 6.9658 27.2673
0.7 6 41.0208 0.67381 6.9658 29.538
0.7 8 39.2598 0.9928 6.9773 30.4412
0.7 10 37.7087 1.2465 6.9887 31.2348
0.7 20 33.9052 2.5361 7 33.2286
0.7 30 31.1999 2.7341 7 34.5954
0.7 40 29.4108 3.1943 7 35.5227
0.7 50 27.3649 3.0115 7 36.5327
0.7 60 26.1365 3.2213 7 37.1618
0.7 70 25.5806 3.4245 7 37.4543
0.7 80 24.1096 3.7644 7 38.2141
0.7 90 23.4767 3.6773 7 38.5243
0.7 100 23.2204 3.6321 7 38.6492
0.7 150 20.0513 3.5458 7 40.2276
0.7 200 18.5974 3.5612 7 40.9557
0.7 250 17.4096 3.6243 7 41.5541
0.7 300 16.2616 3.5645 7 42.1238
0.7 350 15.5592 3.3809 7 42.4619
0.7 400 14.9472 3.5154 7 42.7775
0.7 450 14.4696 3.4237 7 43.0098
0.7 500 13.8432 3.4141 7 43.3223
0.7 600 12.3141 3.5537 7 44.0968
0.7 700 10.768 3.4719 7 44.864
0.7 800 9.5604 3.2576 7 45.4525
0.7 900 8.4279 3.4004 7 46.0289
0.7 1000 7.7098 3.5662 7 46.3998
0.9 4 48.6317 0.30596 6.9658 25.7061
0.9 6 44.9359 0.52868 6.9658 27.57
0.9 8 42.8539 0.80192 6.9773 28.6305
0.9 10 41.8989 1.1912 6.9887 29.1358
0.9 20 38.8806 2.6247 7 30.7472
0.9 30 37.7087 2.7787 7 31.3441
0.9 40 35.3716 3.4164 7 32.5582
0.9 50 34.5867 3.2051 7 32.9356
0.9 60 33.9705 3.3683 7 33.2553
0.9 70 32.9191 3.4684 7 33.7882
0.9 80 32.0449 3.396 7 34.2201
0.9 90 31.399 3.5242 7 34.5523
0.9 100 30.8753 3.5904 7 34.8188
0.9 150 28.3062 3.8162 7 36.1195
0.9 200 26.195 3.6664 7 37.1644
0.9 250 25.2571 3.3881 7 37.6134
0.9 300 24.6673 3.3641 7 37.9067
0.9 350 23.5061 3.2785 7 38.4811
0.9 400 22.5877 3.3723 7 38.947
0.9 450 21.5208 3.4101 7 39.4832
0.9 500 21.6311 3.4428 7 39.4304
0.9 600 20.4953 3.3697 7 39.993
0.9 700 19.807 3.3386 7 40.335
0.9 800 19.6745 3.299 7 40.3984
0.9 900 19.9637 3.4399 7 40.2639
0.9 1000 19.5503 3.3521 7 40.4643
