16 0.001 23.1388 24.1621 21.6456 67.4849
32 0.126 16.4003 9.5797 9.3671 76.5875
64 0.126 10.7999 9.5234 11.3924 82.4281
100 0.12 8.7752 9.3401 14.6203 81.614
200 0.12 6.6424 6.8178 16.8354 75.1474
300 0.12 5.5636 5.2648 20.3797 67.7542
400 0.12 5.0699 4.4179 25 58.5245
500 0.112 5.616 5.7772 39.4937 49.449
16 0.001 22.0515 23.9678 24.0506 69.4353
32 0.126 16.556 9.6769 8.7975 76.7481
64 0.126 10.7004 9.2962 11.6456 81.9304
100 0.12 8.7201 9.0894 13.4177 81.0408
200 0.12 6.3442 6.5448 15.5696 75.7822
300 0.12 5.6388 5.5136 19.6203 67.6368
400 0.12 5.1226 4.3827 22.8481 59.2462
500 0.112 5.5792 5.6473 41.2025 49.3526
16 0.001 21.8881 23.5386 24.2405 69.9021
32 0.126 16.1763 9.6662 12.4051 73.364
64 0.126 10.8366 9.4139 10.6329 82.1583
100 0.12 8.528 9.3378 14.9367 80.8909
200 0.12 6.5808 6.9898 17.5316 75.7477
300 0.12 5.5413 5.3045 17.0253 68.7239
400 0.11 6.2036 6.8399 38.1013 55.0337
500 0.112 5.4357 5.4868 40.7595 49.5192
16 0.001 22.3807 23.6353 23.1646 69.1174
32 0.126 17.1566 9.5101 11.8354 74.7215
64 0.126 10.6341 9.6275 12.9114 80.1182
100 0.12 8.462 9.4589 13.9873 83.6067
200 0.12 6.35 6.5281 16.4557 74.7789
300 0.12 5.6185 5.1918 22.8481 65.6162
400 0.12 5.0017 4.3097 25.9494 58.768
500 0.112 5.5799 5.5643 41.8354 47.4199
16 0.001 23.8899 24.1058 21.5823 66.347
32 0.126 15.5488 9.7857 9.8101 75.6696
64 0.126 10.7113 9.6414 12.4051 81.5657
100 0.12 8.6959 9.1253 14.8734 80.9887
200 0.12 6.5221 6.9428 15.2532 78.0937
300 0.12 5.5737 5.2427 20.3165 66.8333
400 0.11 6.3385 7.0254 33.4177 59.5648
500 0.112 5.6153 5.818 41.7722 49.4022
