0.1 10 0.601 23.1144 17.6191 72.5843 45.1002
0.1 50 0.6 8.4293 11.7626 94.9367 14.043
0.1 128 0.57844 5.6966 5.6432 96.9231 6.8617
0.1 256 0.56259 5.3943 5.39 97.5316 5.6239
0.3 10 0.601 21.7742 17.907 76.1021 43.2375
0.3 50 0.6 8.0154 11.7293 95.1511 12.312
0.3 128 0.57862 5.7788 5.6249 96.6689 6.8742
0.3 256 0.56331 5.3301 5.2757 97.2785 5.8309
0.5 10 0.501 30.6691 38.8925 78.4985 59.2317
0.5 50 0.561 15.2578 16.5131 87.6231 28.0302
0.5 128 0.56325 8.1951 7.6035 93.9216 18.3964
0.5 256 0.55166 6.2987 6.4396 96.0759 14.2893

** above same random key
** below different  key

0.1 10 0.601 22.6945 17.468 18.5044 98.5411
0.1 50 0.6 8.3068 11.549 14.557 91.159
0.1 128 0.57881 5.6528 5.4572 20.8861 62.2698
0.1 256 0.56278 5.4606 5.5226 72.8481 27.3707
0.3 10 0.601 22.1911 17.4718 19.3897 97.9339
0.3 50 0.6 8.0208 11.914 17.1519 86.745
0.3 128 0.57862 5.6704 5.4501 23.3544 60.7212
0.3 256 0.5635 5.3317 5.3352 68.1646 29.852
0.5 10 0.501 30.1215 38.4069 35.4246 97.4567
0.5 50 0.561 15.0615 16.8235 16.2658 96.8134
0.5 128 0.56325 8.1557 7.6652 15.1899 82.3132
0.5 256 0.55094 6.4744 6.3834 30.8228 57.774

** below different  key
0.1 10 0.601 22.017 17.7985 19.1503 98.7204
0.1 50 0.6 8.1495 11.6839 16.3291 90.289
0.1 128 0.579 5.702 5.5977 22.2785 64.8134
0.1 256 0.56341 5.4333 5.4118 69.1139 29.4175
0.3 10 0.601 22.2756 17.6454 19.5693 98.5579
0.3 50 0.6 8.4491 11.9943 16.1392 89.9918
0.3 128 0.579 5.7161 5.5696 19.2405 61.8472
0.3 256 0.5635 5.4129 5.3569 65.443 30.4321
0.5 10 0.501 30.9324 38.1525 34.1139 96.5793
0.5 50 0.561 15.3577 17.1769 19.4937 96.0141
0.5 128 0.56262 8.2777 7.7124 12.7215 85.2535
0.5 256 0.55122 6.3537 6.3529 33.4177 57.4884
0.7 10 0.501 39.2034 37.675 36.3291 97.3623
0.7 50 0.541 28.7326 24.1741 26.3291 98.6919
0.7 128 0.53225 21.3693 21.4256 20 98.6193
0.7 256 0.52738 17.3303 17.804 20.0633 97.777
0.9 10 0.501 42.0694 37.7082 40.2787 96.7635
0.9 50 0.521 34.3765 33.5218 32.7215 99.4715
0.9 128 0.52444 29.1116 26.7456 25.2532 97.9867
0.9 256 0.52038 24.9252 24.5024 27.9747 94.6229
